<?xml version="1.0" encoding="UTF-8"?>
<!-- Generated by org.testng.reporters.JUnitReportReporter -->
<testsuite hostname="DESKTOP-RKK89S2" failures="0" tests="2" name="ui.Chandru1TestNg" time="0.029" errors="0" timestamp="2023-02-20T20:58:31 IST" skipped="0">
  <testcase classname="ui.Chandru1TestNg" name="chan2" time="0.027"/>
  <system-out/>
  <testcase classname="ui.Chandru1TestNg" name="chan3" time="0.002"/>
  <system-out/>
</testsuite> <!-- ui.Chandru1TestNg -->
