<?xml version="1.0" encoding="UTF-8"?>
<!-- Generated by org.testng.reporters.JUnitReportReporter -->
<testsuite hostname="DESKTOP-RKK89S2" failures="0" tests="1" name="ui.Hichan" time="0.012" errors="0" timestamp="2023-02-20T23:19:09 IST" skipped="0">
  <testcase classname="ui.Hichan" name="good1" time="0.012"/>
  <system-out/>
</testsuite> <!-- ui.Hichan -->
