<?xml version="1.0" encoding="UTF-8"?>
<!-- Generated by org.testng.reporters.JUnitReportReporter -->
<testsuite hostname="DESKTOP-RKK89S2" failures="0" tests="1" name="ui.chan1" time="0.045" errors="0" timestamp="2023-02-20T21:20:44 IST" skipped="0">
  <testcase classname="ui.chan1" name="chandru" time="0.045"/>
  <system-out/>
</testsuite> <!-- ui.chan1 -->
