<?xml version="1.0" encoding="UTF-8"?>
<!-- Generated by org.testng.reporters.JUnitReportReporter -->
<testsuite hostname="DESKTOP-RKK89S2" failures="0" tests="1" name="ui.BestPractice" time="0.016" errors="0" timestamp="2023-02-21T09:23:16 IST" skipped="0">
  <testcase classname="ui.BestPractice" name="best3" time="0.016"/>
  <system-out/>
</testsuite> <!-- ui.BestPractice -->
