<?xml version="1.0" encoding="UTF-8"?>
<!-- Generated by org.testng.reporters.JUnitReportReporter -->
<testsuite hostname="DESKTOP-RKK89S2" failures="0" tests="1" name="ui.Pom1" time="2.670" errors="0" timestamp="2023-02-21T10:30:41 IST" skipped="0">
  <testcase classname="ui.Pom1" name="goandclick" time="2.670"/>
  <system-out/>
</testsuite> <!-- ui.Pom1 -->
